{
  "RSpec": {
    "coverage": {
      "C:/Users/Administrator/Desktop/br1-wk6-humanbook/spec/controllers/posts_controller_spec.rb": [
        1,
        null,
        null,
        null,
        null,
        null,
        null,
        null,
        null,
        null,
        null,
        null,
        null,
        null,
        null,
        null,
        null,
        null,
        null,
        null,
        null,
        null,
        null,
        null,
        null,
        0,
        null,
        null,
        null,
        null,
        0,
        0,
        null,
        null,
        0,
        0,
        null,
        null,
        null,
        null,
        null,
        0,
        null,
        0,
        0,
        0,
        0,
        0,
        null,
        null,
        null,
        0,
        0,
        0,
        0,
        0,
        null,
        null,
        null,
        0,
        0,
        0,
        0,
        null,
        null,
        null,
        0,
        0,
        0,
        0,
        0,
        null,
        null,
        null,
        0,
        0,
        0,
        0,
        0,
        null,
        null,
        null,
        0,
        0,
        0,
        null,
        null,
        null,
        0,
        0,
        0,
        0,
        null,
        null,
        null,
        null,
        0,
        0,
        0,
        0,
        null,
        null,
        0,
        0,
        0,
        0,
        0,
        null,
        null,
        0,
        0,
        0,
        0,
        null,
        null,
        null,
        0,
        0,
        0,
        0,
        0,
        null,
        null,
        null,
        null,
        0,
        0,
        0,
        0,
        0,
        null,
        null,
        null,
        0,
        0,
        0,
        0,
        null,
        null,
        null,
        null
      ],
      "C:/Users/Administrator/Desktop/br1-wk6-humanbook/spec/rails_helper.rb": [
        null,
        1,
        1,
        1,
        null,
        1,
        1,
        null,
        null,
        null,
        null,
        null,
        null,
        null,
        null,
        null,
        null,
        null,
        null,
        null,
        null,
        null,
        null,
        null,
        null,
        null,
        1,
        null,
        0,
        null,
        0,
        null,
        null,
        null,
        null,
        0,
        null,
        null,
        null,
        null,
        null,
        null,
        null,
        null,
        null,
        null,
        null,
        null,
        null,
        null,
        0,
        null,
        null,
        0,
        null,
        null,
        null
      ],
      "C:/Users/Administrator/Desktop/br1-wk6-humanbook/config/environment.rb": [
        null,
        1,
        null,
        null,
        1
      ],
      "C:/Users/Administrator/Desktop/br1-wk6-humanbook/config/application.rb": [
        1,
        null,
        1,
        null,
        null,
        null,
        1,
        null,
        1,
        1,
        null,
        1,
        null,
        null,
        null,
        null,
        null,
        null
      ],
      "C:/Users/Administrator/Desktop/br1-wk6-humanbook/config/boot.rb": [
        1,
        null,
        1
      ],
      "C:/Users/Administrator/Desktop/br1-wk6-humanbook/config/environments/test.rb": [
        1,
        null,
        null,
        null,
        null,
        null,
        null,
        1,
        null,
        null,
        null,
        null,
        1,
        null,
        null,
        1,
        1,
        null,
        null,
        null,
        null,
        1,
        1,
        null,
        null,
        1,
        null,
        null,
        1,
        1,
        null,
        null,
        null,
        null,
        1,
        null,
        null,
        1,
        null,
        null,
        null,
        null
      ],
      "C:/Users/Administrator/Desktop/br1-wk6-humanbook/config/initializers/application_controller_renderer.rb": [
        null,
        null,
        null,
        null,
        null,
        null
      ],
      "C:/Users/Administrator/Desktop/br1-wk6-humanbook/config/initializers/assets.rb": [
        null,
        null,
        null,
        1,
        null,
        null,
        null,
        null,
        1,
        null,
        null,
        null,
        null,
        null
      ],
      "C:/Users/Administrator/Desktop/br1-wk6-humanbook/config/initializers/backtrace_silencers.rb": [
        null,
        null,
        null,
        null,
        null,
        null,
        null
      ],
      "C:/Users/Administrator/Desktop/br1-wk6-humanbook/config/initializers/cookies_serializer.rb": [
        null,
        null,
        null,
        null,
        1
      ],
      "C:/Users/Administrator/Desktop/br1-wk6-humanbook/config/initializers/filter_parameter_logging.rb": [
        null,
        null,
        null,
        1
      ],
      "C:/Users/Administrator/Desktop/br1-wk6-humanbook/config/initializers/inflections.rb": [
        null,
        null,
        null,
        null,
        null,
        null,
        null,
        null,
        null,
        null,
        null,
        null,
        null,
        null,
        null,
        null
      ],
      "C:/Users/Administrator/Desktop/br1-wk6-humanbook/config/initializers/mime_types.rb": [
        null,
        null,
        null,
        null
      ],
      "C:/Users/Administrator/Desktop/br1-wk6-humanbook/config/initializers/omniauth.rb": [
        1,
        null,
        1,
        1,
        null
      ],
      "C:/Users/Administrator/Desktop/br1-wk6-humanbook/config/initializers/trestle.rb": [
        1,
        null,
        null,
        null,
        null,
        1,
        null,
        null,
        null,
        null,
        null,
        null,
        null,
        null,
        null,
        null,
        null,
        null,
        null,
        null,
        null,
        null,
        null,
        null,
        null,
        null,
        null,
        null,
        null,
        null,
        null,
        null,
        null,
        null,
        null,
        null,
        null,
        null,
        null,
        null,
        null,
        null,
        null,
        null,
        null,
        null,
        null,
        null,
        null,
        null,
        null,
        null,
        null,
        null,
        null,
        null,
        null,
        null,
        null,
        null,
        null,
        null,
        null,
        null,
        null,
        null,
        null,
        null,
        null,
        null,
        null,
        null,
        null,
        null,
        null,
        null,
        null,
        null,
        null,
        null,
        null,
        null,
        null,
        null,
        null,
        null,
        null,
        null,
        null,
        null,
        null,
        null,
        null,
        null,
        null,
        null,
        null,
        null,
        null,
        null,
        null,
        null,
        null,
        null,
        null,
        null,
        null
      ],
      "C:/Users/Administrator/Desktop/br1-wk6-humanbook/config/initializers/wrap_parameters.rb": [
        null,
        null,
        null,
        null,
        null,
        null,
        1,
        2,
        null,
        null,
        null,
        null,
        null,
        null
      ],
      "C:/Users/Administrator/Desktop/br1-wk6-humanbook/app/admin/users_admin.rb": [
        1,
        1,
        0,
        null,
        null,
        null,
        null,
        null,
        null,
        null,
        null,
        null,
        null,
        null,
        null,
        null,
        null,
        null,
        null,
        null,
        null,
        null,
        null,
        null,
        null,
        null,
        null,
        null,
        null,
        null,
        null,
        null,
        null,
        null,
        null
      ],
      "C:/Users/Administrator/Desktop/br1-wk6-humanbook/config/routes.rb": [
        1,
        1,
        1,
        1,
        null,
        1,
        1,
        1,
        1,
        null,
        null,
        null,
        1,
        1,
        null,
        null,
        1,
        null,
        1,
        1,
        null,
        1,
        1,
        1,
        1,
        null,
        1,
        null,
        null,
        null
      ],
      "C:/Users/Administrator/Desktop/br1-wk6-humanbook/app/helpers/application_helper.rb": [
        1,
        1,
        0,
        null,
        null,
        1,
        null,
        0,
        0,
        0,
        null,
        null,
        0,
        null,
        null,
        1,
        0,
        null,
        null
      ],
      "C:/Users/Administrator/Desktop/br1-wk6-humanbook/app/helpers/friends_helper.rb": [
        1,
        null
      ],
      "C:/Users/Administrator/Desktop/br1-wk6-humanbook/app/helpers/friendships_helper.rb": [
        1,
        null
      ],
      "C:/Users/Administrator/Desktop/br1-wk6-humanbook/app/helpers/home_helper.rb": [
        1,
        null
      ],
      "C:/Users/Administrator/Desktop/br1-wk6-humanbook/app/helpers/messages_helper.rb": [
        1,
        null
      ],
      "C:/Users/Administrator/Desktop/br1-wk6-humanbook/app/helpers/posts_helper.rb": [
        1,
        null
      ],
      "C:/Users/Administrator/Desktop/br1-wk6-humanbook/app/helpers/sessions_helper.rb": [
        1,
        null
      ],
      "C:/Users/Administrator/Desktop/br1-wk6-humanbook/app/helpers/users_helper.rb": [
        1,
        null
      ],
      "C:/Users/Administrator/Desktop/br1-wk6-humanbook/spec/controllers/users_controller_spec.rb": [
        1,
        null,
        0,
        0,
        0,
        0,
        0,
        0,
        0,
        null,
        null,
        null,
        0,
        0,
        0,
        0,
        0,
        null,
        null,
        null,
        null
      ],
      "C:/Users/Administrator/Desktop/br1-wk6-humanbook/spec/helpers/posts_helper_spec.rb": [
        1,
        null,
        null,
        null,
        null,
        null,
        null,
        null,
        null,
        null,
        null,
        null,
        0,
        0,
        null
      ],
      "C:/Users/Administrator/Desktop/br1-wk6-humanbook/spec/models/message_spec.rb": [
        1,
        null,
        0,
        0,
        null
      ],
      "C:/Users/Administrator/Desktop/br1-wk6-humanbook/spec/models/post_spec.rb": [
        1,
        null,
        0,
        0,
        null
      ],
      "C:/Users/Administrator/Desktop/br1-wk6-humanbook/spec/models/user_spec.rb": [
        1,
        null,
        0,
        null,
        0,
        0,
        0,
        null,
        null,
        0,
        0,
        null,
        null,
        0,
        0,
        null,
        null,
        null
      ],
      "C:/Users/Administrator/Desktop/br1-wk6-humanbook/spec/requests/posts_spec.rb": [
        1,
        null,
        0,
        0,
        0,
        0,
        0,
        null,
        null,
        null
      ],
      "C:/Users/Administrator/Desktop/br1-wk6-humanbook/spec/routing/posts_routing_spec.rb": [
        1,
        null,
        0,
        0,
        null,
        0,
        0,
        null,
        null,
        0,
        0,
        null,
        null,
        0,
        0,
        null,
        null,
        0,
        0,
        null,
        null,
        0,
        0,
        null,
        null,
        0,
        0,
        null,
        null,
        0,
        0,
        null,
        null,
        0,
        0,
        null,
        null,
        null,
        null
      ],
      "C:/Users/Administrator/Desktop/br1-wk6-humanbook/spec/views/posts/edit.html.erb_spec.rb": [
        1,
        null,
        0,
        0,
        0,
        null,
        null,
        null,
        null,
        null,
        0,
        0,
        null,
        0,
        null,
        0,
        null,
        0,
        null,
        null,
        null
      ],
      "C:/Users/Administrator/Desktop/br1-wk6-humanbook/spec/views/posts/index.html.erb_spec.rb": [
        1,
        null,
        0,
        0,
        0,
        null,
        null,
        null,
        null,
        null,
        null,
        null,
        null,
        null,
        null,
        null,
        0,
        0,
        0,
        0,
        null,
        null
      ],
      "C:/Users/Administrator/Desktop/br1-wk6-humanbook/spec/views/posts/new.html.erb_spec.rb": [
        1,
        null,
        0,
        0,
        0,
        null,
        null,
        null,
        null,
        null,
        0,
        0,
        null,
        0,
        null,
        0,
        null,
        0,
        null,
        null,
        null
      ],
      "C:/Users/Administrator/Desktop/br1-wk6-humanbook/spec/views/posts/show.html.erb_spec.rb": [
        1,
        null,
        0,
        0,
        0,
        null,
        null,
        null,
        null,
        null,
        0,
        0,
        0,
        0,
        null,
        null
      ]
    },
    "timestamp": 1502784986
  }
}
